<?xml version="1.0" encoding="UTF-8"?>
<!-- Generated by org.testng.reporters.JUnitXMLReporter -->
<testsuite hostname="ENGLON146394L" ignored="0" name="Sanity_Regression_TestCases" tests="3" failures="0" timestamp="2020-04-24T22:41:52 CEST" time="46.434" errors="0">
  <testcase name="validateTitle" time="0.778" classname="com.qa.hubspot.test.LoginPageTest"/>
  <testcase name="validateSignUpLinkDisplayed" time="0.628" classname="com.qa.hubspot.test.LoginPageTest"/>
  <testcase name="validateLogin" time="7.998" classname="com.qa.hubspot.test.LoginPageTest"/>
</testsuite> <!-- Sanity_Regression_TestCases -->
