<?xml version="1.0" encoding="UTF-8"?>
<!-- Generated by org.testng.reporters.JUnitXMLReporter -->
<testsuite hostname="ENGLON146394L" ignored="0" name="Default test" tests="6" failures="0" timestamp="2020-04-27T00:31:18 CEST" time="175.408" errors="0">
  <testcase name="createContactPopUp" time="3.314" classname="com.qa.hubspot.test.ContactsPageTest"/>
  <testcase name="createContact" time="8.276" classname="com.qa.hubspot.test.ContactsPageTest"/>
  <testcase name="createContact" time="9.781" classname="com.qa.hubspot.test.ContactsPageTest"/>
  <testcase name="createContact" time="8.887" classname="com.qa.hubspot.test.ContactsPageTest"/>
  <testcase name="createContact" time="10.064" classname="com.qa.hubspot.test.ContactsPageTest"/>
  <testcase name="createContact" time="8.884" classname="com.qa.hubspot.test.ContactsPageTest"/>
</testsuite> <!-- Default test -->
