<?xml version="1.0" encoding="UTF-8"?>
<!-- Generated by org.testng.reporters.JUnitXMLReporter -->
<testsuite hostname="ENGLON146394L" ignored="0" name="Default test" tests="3" failures="0" timestamp="2020-04-23T23:33:24 CEST" time="40.15" errors="0">
  <testcase name="validateTitle" time="0.107" classname="com.qa.hubspot.test.LoginPageTest"/>
  <testcase name="validateSignUpLinkDisplayed" time="0.205" classname="com.qa.hubspot.test.LoginPageTest"/>
  <testcase name="validateLogin" time="1.183" classname="com.qa.hubspot.test.LoginPageTest"/>
</testsuite> <!-- Default test -->
