<?xml version="1.0" encoding="UTF-8"?>
<!-- Generated by org.testng.reporters.JUnitXMLReporter -->
<testsuite hostname="ENGLON146394L" ignored="0" name="Sanity_Test_Cases" tests="3" failures="0" timestamp="2020-05-01T11:31:37 CEST" time="41.076" errors="0">
  <testcase name="validateTitle" time="5.498" classname="com.qa.hubspot.test.LoginPageTest"/>
  <testcase name="validateSignUpLinkDisplayed" time="6.515" classname="com.qa.hubspot.test.LoginPageTest"/>
  <testcase name="validateLogin" time="8.756" classname="com.qa.hubspot.test.LoginPageTest"/>
</testsuite> <!-- Sanity_Test_Cases -->
