<?xml version="1.0" encoding="UTF-8"?>
<testsuite xmlns:xsi="http://www.w3.org/2001/XMLSchema-instance" xsi:noNamespaceSchemaLocation="https://maven.apache.org/surefire/maven-surefire-plugin/xsd/surefire-test-report-3.0.xsd" version="3.0" name="TestSuite" time="42.179" tests="3" errors="0" skipped="0" failures="0">
  <properties>
[...]
</properties>
  <testcase name="validateTitle" classname="com.qa.hubspot.test.LoginPageTest" time="5.548"/>
  <testcase name="validateSignUpLinkDisplayed" classname="com.qa.hubspot.test.LoginPageTest" time="6.512"/>
  <testcase name="validateLogin" classname="com.qa.hubspot.test.LoginPageTest" time="8.756"/>
</testsuite>