<?xml version="1.0" encoding="UTF-8"?>
<testng-results skipped="0" failed="0" ignored="1" total="6" passed="5">
  <reporter-output>
  </reporter-output>
  <suite name="Default suite" duration-ms="219748" started-at="2020-04-26T19:22:27 CEST" finished-at="2020-04-26T19:26:07 CEST">
    <groups>
    </groups>
    <test name="Default test" duration-ms="219748" started-at="2020-04-26T19:22:27 CEST" finished-at="2020-04-26T19:26:07 CEST">
      <class name="com.qa.hubspot.test.ContactsPageTest">
        <test-method status="PASS" signature="setUp()[pri:0, instance:com.qa.hubspot.test.ContactsPageTest@3bf91a79]" name="setUp" is-config="true" duration-ms="30206" started-at="2020-04-26T19:22:28 CEST" finished-at="2020-04-26T19:22:59 CEST">
          <reporter-output>
          </reporter-output>
        </test-method> <!-- setUp -->
        <test-method status="PASS" signature="createContact(java.lang.String, java.lang.String, java.lang.String, java.lang.String, java.lang.String)[pri:2, instance:com.qa.hubspot.test.ContactsPageTest@3bf91a79]" name="createContact" duration-ms="14189" started-at="2020-04-26T19:22:59 CEST" data-provider="getTestData" finished-at="2020-04-26T19:23:13 CEST">
          <params>
            <param index="0">
              <value>
                <![CDATA[abhinavmalviya@gmail.com]]>
              </value>
            </param>
            <param index="1">
              <value>
                <![CDATA[Abhinav]]>
              </value>
            </param>
            <param index="2">
              <value>
                <![CDATA[Malviya]]>
              </value>
            </param>
            <param index="3">
              <value>
                <![CDATA[Test Analyst]]>
              </value>
            </param>
            <param index="4">
              <value>
                <![CDATA[1234567890]]>
              </value>
            </param>
          </params>
          <reporter-output>
          </reporter-output>
        </test-method> <!-- createContact -->
        <test-method status="PASS" signature="tearDown()[pri:0, instance:com.qa.hubspot.test.ContactsPageTest@3bf91a79]" name="tearDown" is-config="true" duration-ms="969" started-at="2020-04-26T19:23:13 CEST" finished-at="2020-04-26T19:23:14 CEST">
          <reporter-output>
          </reporter-output>
        </test-method> <!-- tearDown -->
        <test-method status="PASS" signature="setUp()[pri:0, instance:com.qa.hubspot.test.ContactsPageTest@3bf91a79]" name="setUp" is-config="true" duration-ms="28466" started-at="2020-04-26T19:23:14 CEST" finished-at="2020-04-26T19:23:42 CEST">
          <reporter-output>
          </reporter-output>
        </test-method> <!-- setUp -->
        <test-method status="PASS" signature="createContact(java.lang.String, java.lang.String, java.lang.String, java.lang.String, java.lang.String)[pri:2, instance:com.qa.hubspot.test.ContactsPageTest@3bf91a79]" name="createContact" duration-ms="13528" started-at="2020-04-26T19:23:42 CEST" data-provider="getTestData" finished-at="2020-04-26T19:23:56 CEST">
          <params>
            <param index="0">
              <value>
                <![CDATA[maulisoni@gmail.com]]>
              </value>
            </param>
            <param index="1">
              <value>
                <![CDATA[Mauli]]>
              </value>
            </param>
            <param index="2">
              <value>
                <![CDATA[Soni]]>
              </value>
            </param>
            <param index="3">
              <value>
                <![CDATA[Test Lead]]>
              </value>
            </param>
            <param index="4">
              <value>
                <![CDATA[2345678901]]>
              </value>
            </param>
          </params>
          <reporter-output>
          </reporter-output>
        </test-method> <!-- createContact -->
        <test-method status="PASS" signature="tearDown()[pri:0, instance:com.qa.hubspot.test.ContactsPageTest@3bf91a79]" name="tearDown" is-config="true" duration-ms="1168" started-at="2020-04-26T19:23:56 CEST" finished-at="2020-04-26T19:23:57 CEST">
          <reporter-output>
          </reporter-output>
        </test-method> <!-- tearDown -->
        <test-method status="PASS" signature="setUp()[pri:0, instance:com.qa.hubspot.test.ContactsPageTest@3bf91a79]" name="setUp" is-config="true" duration-ms="28759" started-at="2020-04-26T19:23:57 CEST" finished-at="2020-04-26T19:24:26 CEST">
          <reporter-output>
          </reporter-output>
        </test-method> <!-- setUp -->
        <test-method status="PASS" signature="createContact(java.lang.String, java.lang.String, java.lang.String, java.lang.String, java.lang.String)[pri:2, instance:com.qa.hubspot.test.ContactsPageTest@3bf91a79]" name="createContact" duration-ms="14212" started-at="2020-04-26T19:24:26 CEST" data-provider="getTestData" finished-at="2020-04-26T19:24:40 CEST">
          <params>
            <param index="0">
              <value>
                <![CDATA[anjaliladiwal@gmail.com]]>
              </value>
            </param>
            <param index="1">
              <value>
                <![CDATA[Anjali]]>
              </value>
            </param>
            <param index="2">
              <value>
                <![CDATA[Ladiwal]]>
              </value>
            </param>
            <param index="3">
              <value>
                <![CDATA[Test Specialist]]>
              </value>
            </param>
            <param index="4">
              <value>
                <![CDATA[3456789012]]>
              </value>
            </param>
          </params>
          <reporter-output>
          </reporter-output>
        </test-method> <!-- createContact -->
        <test-method status="PASS" signature="tearDown()[pri:0, instance:com.qa.hubspot.test.ContactsPageTest@3bf91a79]" name="tearDown" is-config="true" duration-ms="1015" started-at="2020-04-26T19:24:40 CEST" finished-at="2020-04-26T19:24:41 CEST">
          <reporter-output>
          </reporter-output>
        </test-method> <!-- tearDown -->
        <test-method status="PASS" signature="setUp()[pri:0, instance:com.qa.hubspot.test.ContactsPageTest@3bf91a79]" name="setUp" is-config="true" duration-ms="28016" started-at="2020-04-26T19:24:41 CEST" finished-at="2020-04-26T19:25:09 CEST">
          <reporter-output>
          </reporter-output>
        </test-method> <!-- setUp -->
        <test-method status="PASS" signature="createContact(java.lang.String, java.lang.String, java.lang.String, java.lang.String, java.lang.String)[pri:2, instance:com.qa.hubspot.test.ContactsPageTest@3bf91a79]" name="createContact" duration-ms="13977" started-at="2020-04-26T19:25:09 CEST" data-provider="getTestData" finished-at="2020-04-26T19:25:23 CEST">
          <params>
            <param index="0">
              <value>
                <![CDATA[shubhamtripathi@gmail.com]]>
              </value>
            </param>
            <param index="1">
              <value>
                <![CDATA[Shubham]]>
              </value>
            </param>
            <param index="2">
              <value>
                <![CDATA[Tripathi]]>
              </value>
            </param>
            <param index="3">
              <value>
                <![CDATA[Test Consultant]]>
              </value>
            </param>
            <param index="4">
              <value>
                <![CDATA[4567890123]]>
              </value>
            </param>
          </params>
          <reporter-output>
          </reporter-output>
        </test-method> <!-- createContact -->
        <test-method status="PASS" signature="tearDown()[pri:0, instance:com.qa.hubspot.test.ContactsPageTest@3bf91a79]" name="tearDown" is-config="true" duration-ms="970" started-at="2020-04-26T19:25:23 CEST" finished-at="2020-04-26T19:25:24 CEST">
          <reporter-output>
          </reporter-output>
        </test-method> <!-- tearDown -->
        <test-method status="PASS" signature="setUp()[pri:0, instance:com.qa.hubspot.test.ContactsPageTest@3bf91a79]" name="setUp" is-config="true" duration-ms="28276" started-at="2020-04-26T19:25:24 CEST" finished-at="2020-04-26T19:25:52 CEST">
          <reporter-output>
          </reporter-output>
        </test-method> <!-- setUp -->
        <test-method status="PASS" signature="createContact(java.lang.String, java.lang.String, java.lang.String, java.lang.String, java.lang.String)[pri:2, instance:com.qa.hubspot.test.ContactsPageTest@3bf91a79]" name="createContact" duration-ms="14076" started-at="2020-04-26T19:25:52 CEST" data-provider="getTestData" finished-at="2020-04-26T19:26:06 CEST">
          <params>
            <param index="0">
              <value>
                <![CDATA[mamonipal@gmail.com]]>
              </value>
            </param>
            <param index="1">
              <value>
                <![CDATA[Mamoni]]>
              </value>
            </param>
            <param index="2">
              <value>
                <![CDATA[Pal]]>
              </value>
            </param>
            <param index="3">
              <value>
                <![CDATA[Test Specialist]]>
              </value>
            </param>
            <param index="4">
              <value>
                <![CDATA[5678901234]]>
              </value>
            </param>
          </params>
          <reporter-output>
          </reporter-output>
        </test-method> <!-- createContact -->
        <test-method status="PASS" signature="tearDown()[pri:0, instance:com.qa.hubspot.test.ContactsPageTest@3bf91a79]" name="tearDown" is-config="true" duration-ms="940" started-at="2020-04-26T19:26:06 CEST" finished-at="2020-04-26T19:26:07 CEST">
          <reporter-output>
          </reporter-output>
        </test-method> <!-- tearDown -->
      </class> <!-- com.qa.hubspot.test.ContactsPageTest -->
    </test> <!-- Default test -->
  </suite> <!-- Default suite -->
</testng-results>
