<?xml version="1.0" encoding="UTF-8"?>
<!-- Generated by org.testng.reporters.JUnitXMLReporter -->
<testsuite hostname="ENGLON146394L" ignored="0" name="HubSpot_Regression_Test_Cases" tests="11" failures="10" timestamp="2020-05-01T02:40:15 CEST" time="309.209" errors="0">
  <testcase name="createContactPopUp" time="4.141" classname="com.qa.hubspot.test.ContactsPageTest"/>
  <testcase name="createContact" time="6.128" classname="com.qa.hubspot.test.ContactsPageTest">
    <failure type="java.lang.AssertionError" message="Contact Already Exists">
      <![CDATA[java.lang.AssertionError: Contact Already Exists
at com.qa.hubspot.test.ContactsPageTest.createContact(ContactsPageTest.java:56)
at java.util.ArrayList.forEach(ArrayList.java:1257)
... Removed 29 stack frames]]>
    </failure>
  </testcase> <!-- createContact -->
  <testcase name="createContact" time="5.195" classname="com.qa.hubspot.test.ContactsPageTest">
    <failure type="java.lang.AssertionError" message="Contact Already Exists">
      <![CDATA[java.lang.AssertionError: Contact Already Exists
at com.qa.hubspot.test.ContactsPageTest.createContact(ContactsPageTest.java:56)
at java.util.ArrayList.forEach(ArrayList.java:1257)
... Removed 29 stack frames]]>
    </failure>
  </testcase> <!-- createContact -->
  <testcase name="createContact" time="5.624" classname="com.qa.hubspot.test.ContactsPageTest">
    <failure type="java.lang.AssertionError" message="Contact Already Exists">
      <![CDATA[java.lang.AssertionError: Contact Already Exists
at com.qa.hubspot.test.ContactsPageTest.createContact(ContactsPageTest.java:56)
at java.util.ArrayList.forEach(ArrayList.java:1257)
... Removed 29 stack frames]]>
    </failure>
  </testcase> <!-- createContact -->
  <testcase name="createContact" time="7.097" classname="com.qa.hubspot.test.ContactsPageTest">
    <failure type="java.lang.AssertionError" message="Contact Already Exists">
      <![CDATA[java.lang.AssertionError: Contact Already Exists
at com.qa.hubspot.test.ContactsPageTest.createContact(ContactsPageTest.java:56)
at java.util.ArrayList.forEach(ArrayList.java:1257)
... Removed 29 stack frames]]>
    </failure>
  </testcase> <!-- createContact -->
  <testcase name="createContact" time="6.891" classname="com.qa.hubspot.test.ContactsPageTest">
    <failure type="java.lang.AssertionError" message="Contact Already Exists">
      <![CDATA[java.lang.AssertionError: Contact Already Exists
at com.qa.hubspot.test.ContactsPageTest.createContact(ContactsPageTest.java:56)
at java.util.ArrayList.forEach(ArrayList.java:1257)
... Removed 29 stack frames]]>
    </failure>
  </testcase> <!-- createContact -->
  <testcase name="createContact" time="5.052" classname="com.qa.hubspot.test.ContactsPageTest">
    <failure type="java.lang.AssertionError" message="Contact Already Exists">
      <![CDATA[java.lang.AssertionError: Contact Already Exists
at com.qa.hubspot.test.ContactsPageTest.createContact(ContactsPageTest.java:56)
at java.util.ArrayList.forEach(ArrayList.java:1257)
... Removed 29 stack frames]]>
    </failure>
  </testcase> <!-- createContact -->
  <testcase name="createContact" time="6.929" classname="com.qa.hubspot.test.ContactsPageTest">
    <failure type="java.lang.AssertionError" message="Contact Already Exists">
      <![CDATA[java.lang.AssertionError: Contact Already Exists
at com.qa.hubspot.test.ContactsPageTest.createContact(ContactsPageTest.java:56)
at java.util.ArrayList.forEach(ArrayList.java:1257)
... Removed 29 stack frames]]>
    </failure>
  </testcase> <!-- createContact -->
  <testcase name="createContact" time="6.185" classname="com.qa.hubspot.test.ContactsPageTest">
    <failure type="java.lang.AssertionError" message="Contact Already Exists">
      <![CDATA[java.lang.AssertionError: Contact Already Exists
at com.qa.hubspot.test.ContactsPageTest.createContact(ContactsPageTest.java:56)
at java.util.ArrayList.forEach(ArrayList.java:1257)
... Removed 29 stack frames]]>
    </failure>
  </testcase> <!-- createContact -->
  <testcase name="createContact" time="7.692" classname="com.qa.hubspot.test.ContactsPageTest">
    <failure type="java.lang.AssertionError" message="Contact Already Exists">
      <![CDATA[java.lang.AssertionError: Contact Already Exists
at com.qa.hubspot.test.ContactsPageTest.createContact(ContactsPageTest.java:56)
at java.util.ArrayList.forEach(ArrayList.java:1257)
... Removed 29 stack frames]]>
    </failure>
  </testcase> <!-- createContact -->
  <testcase name="createContact" time="5.588" classname="com.qa.hubspot.test.ContactsPageTest">
    <failure type="java.lang.AssertionError" message="Contact Already Exists">
      <![CDATA[java.lang.AssertionError: Contact Already Exists
at com.qa.hubspot.test.ContactsPageTest.createContact(ContactsPageTest.java:56)
at java.util.ArrayList.forEach(ArrayList.java:1257)
... Removed 29 stack frames]]>
    </failure>
  </testcase> <!-- createContact -->
</testsuite> <!-- HubSpot_Regression_Test_Cases -->
