<?xml version="1.0" encoding="UTF-8"?>
<!-- Generated by org.testng.reporters.JUnitXMLReporter -->
<testsuite hostname="ENGLON146394L" ignored="0" name="HubSpot_Regression_Test_Cases" tests="24" failures="5" timestamp="2020-04-27T22:04:27 CEST" time="571.551" errors="0">
  <testcase name="validateTitle" time="5.216" classname="com.qa.hubspot.test.LoginPageTest"/>
  <testcase name="validateSignUpLinkDisplayed" time="5.724" classname="com.qa.hubspot.test.LoginPageTest"/>
  <testcase name="validateLogin" time="8.953" classname="com.qa.hubspot.test.LoginPageTest"/>
  <testcase name="validateTitle" time="3.395" classname="com.qa.hubspot.test.HomePageTest"/>
  <testcase name="validateAccountNameIsDisplayed" time="3.259" classname="com.qa.hubspot.test.HomePageTest"/>
  <testcase name="validateAccountName" time="2.612" classname="com.qa.hubspot.test.HomePageTest"/>
  <testcase name="validateAccountMenuExpand" time="3.389" classname="com.qa.hubspot.test.HomePageTest"/>
  <testcase name="validateTitle" time="0.116" classname="com.qa.hubspot.test.ProfilePageTest"/>
  <testcase name="validatePageHeader" time="0.97" classname="com.qa.hubspot.test.ProfilePageTest"/>
  <testcase name="validateProfileName" time="0.776" classname="com.qa.hubspot.test.ProfilePageTest"/>
  <testcase name="validateLanguage" time="0.944" classname="com.qa.hubspot.test.ProfilePageTest"/>
  <testcase name="validateTimeZone" time="1.192" classname="com.qa.hubspot.test.ProfilePageTest"/>
  <testcase name="validatePhoneNumber" time="1.358" classname="com.qa.hubspot.test.ProfilePageTest"/>
  <testcase name="createContactPopUp" time="3.688" classname="com.qa.hubspot.test.ContactsPageTest"/>
  <testcase name="createContact" time="5.234" classname="com.qa.hubspot.test.ContactsPageTest">
    <failure type="java.lang.AssertionError" message="Contact Already Exists">
      <![CDATA[java.lang.AssertionError: Contact Already Exists
at com.qa.hubspot.test.ContactsPageTest.createContact(ContactsPageTest.java:56)
at java.util.ArrayList.forEach(ArrayList.java:1257)
... Removed 29 stack frames]]>
    </failure>
  </testcase> <!-- createContact -->
  <testcase name="createContact" time="6.355" classname="com.qa.hubspot.test.ContactsPageTest">
    <failure type="java.lang.AssertionError" message="Contact Already Exists">
      <![CDATA[java.lang.AssertionError: Contact Already Exists
at com.qa.hubspot.test.ContactsPageTest.createContact(ContactsPageTest.java:56)
at java.util.ArrayList.forEach(ArrayList.java:1257)
... Removed 29 stack frames]]>
    </failure>
  </testcase> <!-- createContact -->
  <testcase name="createContact" time="6.4" classname="com.qa.hubspot.test.ContactsPageTest">
    <failure type="java.lang.AssertionError" message="Contact Already Exists">
      <![CDATA[java.lang.AssertionError: Contact Already Exists
at com.qa.hubspot.test.ContactsPageTest.createContact(ContactsPageTest.java:56)
at java.util.ArrayList.forEach(ArrayList.java:1257)
... Removed 29 stack frames]]>
    </failure>
  </testcase> <!-- createContact -->
  <testcase name="createContact" time="7.923" classname="com.qa.hubspot.test.ContactsPageTest">
    <failure type="java.lang.AssertionError" message="Contact Already Exists">
      <![CDATA[java.lang.AssertionError: Contact Already Exists
at com.qa.hubspot.test.ContactsPageTest.createContact(ContactsPageTest.java:56)
at java.util.ArrayList.forEach(ArrayList.java:1257)
... Removed 29 stack frames]]>
    </failure>
  </testcase> <!-- createContact -->
  <testcase name="createContact" time="5.267" classname="com.qa.hubspot.test.ContactsPageTest">
    <failure type="java.lang.AssertionError" message="Contact Already Exists">
      <![CDATA[java.lang.AssertionError: Contact Already Exists
at com.qa.hubspot.test.ContactsPageTest.createContact(ContactsPageTest.java:56)
at java.util.ArrayList.forEach(ArrayList.java:1257)
... Removed 29 stack frames]]>
    </failure>
  </testcase> <!-- createContact -->
  <testcase name="createContact" time="19.542" classname="com.qa.hubspot.test.ContactsPageTest"/>
  <testcase name="createContact" time="18.028" classname="com.qa.hubspot.test.ContactsPageTest"/>
  <testcase name="createContact" time="19.472" classname="com.qa.hubspot.test.ContactsPageTest"/>
  <testcase name="createContact" time="19.729" classname="com.qa.hubspot.test.ContactsPageTest"/>
  <testcase name="createContact" time="20.192" classname="com.qa.hubspot.test.ContactsPageTest"/>
</testsuite> <!-- HubSpot_Regression_Test_Cases -->
