<?xml version="1.0" encoding="UTF-8"?>
<!-- Generated by org.testng.reporters.JUnitXMLReporter -->
<testsuite hostname="ENGLON146394L" ignored="0" name="HubSpot_Regression_TestCases" tests="7" failures="0" timestamp="2020-04-24T22:34:06 CEST" time="128.998" errors="0">
  <testcase name="validateTitle" time="0.081" classname="com.qa.hubspot.test.HomePageTest"/>
  <testcase name="validateAccountNameIsDisplayed" time="0.194" classname="com.qa.hubspot.test.HomePageTest"/>
  <testcase name="validateAccountName" time="0.128" classname="com.qa.hubspot.test.HomePageTest"/>
  <testcase name="validateAccountMenuExpand" time="4.517" classname="com.qa.hubspot.test.HomePageTest"/>
  <testcase name="validateTitle" time="0.041" classname="com.qa.hubspot.test.LoginPageTest"/>
  <testcase name="validateSignUpLinkDisplayed" time="0.423" classname="com.qa.hubspot.test.LoginPageTest"/>
  <testcase name="validateLogin" time="7.28" classname="com.qa.hubspot.test.LoginPageTest"/>
</testsuite> <!-- HubSpot_Regression_TestCases -->
